Drill report for onyks_iot_control_cabinet_pcb.kicad_pcb
Created on 2025-10-26T15:01:36+0100

Copper Layer Stackup:
    =============================================================
    L1 :  F.Cu                      front
    L2 :  B.Cu                      back


Drill file 'onyks_iot_control_cabinet_pcb-PTH.drl' contains
    plated through holes:
    =============================================================
    T1  0,200mm  0,0079"  (12 holes)
    T2  1,000mm  0,0394"  (60 holes)
    T3  1,000mm  0,0394"  (55 holes)
    T4  1,320mm  0,0520"  (4 holes)
    T5  3,200mm  0,1260"  (4 holes)

    Total plated holes count 135


Drill file 'onyks_iot_control_cabinet_pcb-NPTH.drl' contains
    unplated through holes:
    =============================================================
    T1  1,500mm  0,0591"  (1 hole)  (with 1 slot)
    T2  2,000mm  0,0787"  (1 hole)

    Total unplated holes count 2
